Traceback (most recent call last):
  File "/opt/homebrew/Caskroom/miniconda/base/envs/python39/lib/python3.9/site-packages/jupyter_cache/executors/utils.py", line 58, in single_nb_execution
    executenb(
  File "/opt/homebrew/Caskroom/miniconda/base/envs/python39/lib/python3.9/site-packages/nbclient/client.py", line 1305, in execute
    return NotebookClient(nb=nb, resources=resources, km=km, **kwargs).execute()
  File "/opt/homebrew/Caskroom/miniconda/base/envs/python39/lib/python3.9/site-packages/jupyter_core/utils/__init__.py", line 166, in wrapped
    return loop.run_until_complete(inner)
  File "/opt/homebrew/Caskroom/miniconda/base/envs/python39/lib/python3.9/asyncio/base_events.py", line 647, in run_until_complete
    return future.result()
  File "/opt/homebrew/Caskroom/miniconda/base/envs/python39/lib/python3.9/site-packages/nbclient/client.py", line 705, in async_execute
    await self.async_execute_cell(
  File "/opt/homebrew/Caskroom/miniconda/base/envs/python39/lib/python3.9/site-packages/nbclient/client.py", line 1058, in async_execute_cell
    await self._check_raise_for_error(cell, cell_index, exec_reply)
  File "/opt/homebrew/Caskroom/miniconda/base/envs/python39/lib/python3.9/site-packages/nbclient/client.py", line 914, in _check_raise_for_error
    raise CellExecutionError.from_cell_and_msg(cell, exec_reply_content)
nbclient.exceptions.CellExecutionError: An error occurred while executing the following cell:
------------------
from IPython.display import display, HTML
from IPython.display import IFrame
display(HTML(IFrame(src='pics/EntscheidungsbaumImAutohausSingle.html', width=700, height=600)))
------------------


[0;31m---------------------------------------------------------------------------[0m
[0;31mTypeError[0m                                 Traceback (most recent call last)
Cell [0;32mIn[3], line 3[0m
[1;32m      1[0m [38;5;28;01mfrom[39;00m [38;5;21;01mIPython[39;00m[38;5;21;01m.[39;00m[38;5;21;01mdisplay[39;00m [38;5;28;01mimport[39;00m display, HTML
[1;32m      2[0m [38;5;28;01mfrom[39;00m [38;5;21;01mIPython[39;00m[38;5;21;01m.[39;00m[38;5;21;01mdisplay[39;00m [38;5;28;01mimport[39;00m IFrame
[0;32m----> 3[0m display([43mHTML[49m[43m([49m[43mIFrame[49m[43m([49m[43msrc[49m[38;5;241;43m=[39;49m[38;5;124;43m'[39;49m[38;5;124;43mpics/EntscheidungsbaumImAutohausSingle.html[39;49m[38;5;124;43m'[39;49m[43m,[49m[43m [49m[43mwidth[49m[38;5;241;43m=[39;49m[38;5;241;43m700[39;49m[43m,[49m[43m [49m[43mheight[49m[38;5;241;43m=[39;49m[38;5;241;43m600[39;49m[43m)[49m[43m)[49m)

File [0;32m/opt/homebrew/Caskroom/miniconda/base/envs/python39/lib/python3.9/site-packages/IPython/core/display.py:430[0m, in [0;36mHTML.__init__[0;34m(self, data, url, filename, metadata)[0m
[1;32m    427[0m     suffix [38;5;241m=[39m data[[38;5;241m-[39m[38;5;241m10[39m:][38;5;241m.[39mlower()
[1;32m    428[0m     [38;5;28;01mreturn[39;00m prefix[38;5;241m.[39mstartswith([38;5;124m"[39m[38;5;124m<iframe [39m[38;5;124m"[39m) [38;5;129;01mand[39;00m suffix[38;5;241m.[39mendswith([38;5;124m"[39m[38;5;124m</iframe>[39m[38;5;124m"[39m)
[0;32m--> 430[0m [38;5;28;01mif[39;00m [43mwarn[49m[43m([49m[43m)[49m:
[1;32m    431[0m     warnings[38;5;241m.[39mwarn([38;5;124m"[39m[38;5;124mConsider using IPython.display.IFrame instead[39m[38;5;124m"[39m)
[1;32m    432[0m [38;5;28msuper[39m(HTML, [38;5;28mself[39m)[38;5;241m.[39m[38;5;21m__init__[39m(data[38;5;241m=[39mdata, url[38;5;241m=[39murl, filename[38;5;241m=[39mfilename, metadata[38;5;241m=[39mmetadata)

File [0;32m/opt/homebrew/Caskroom/miniconda/base/envs/python39/lib/python3.9/site-packages/IPython/core/display.py:426[0m, in [0;36mHTML.__init__.<locals>.warn[0;34m()[0m
[1;32m    420[0m     [38;5;28;01mreturn[39;00m [38;5;28;01mFalse[39;00m
[1;32m    422[0m [38;5;66;03m#[39;00m
[1;32m    423[0m [38;5;66;03m# Avoid calling lower() on the entire data, because it could be a[39;00m
[1;32m    424[0m [38;5;66;03m# long string and we're only interested in its beginning and end.[39;00m
[1;32m    425[0m [38;5;66;03m#[39;00m
[0;32m--> 426[0m prefix [38;5;241m=[39m [43mdata[49m[43m[[49m[43m:[49m[38;5;241;43m10[39;49m[43m][49m[38;5;241m.[39mlower()
[1;32m    427[0m suffix [38;5;241m=[39m data[[38;5;241m-[39m[38;5;241m10[39m:][38;5;241m.[39mlower()
[1;32m    428[0m [38;5;28;01mreturn[39;00m prefix[38;5;241m.[39mstartswith([38;5;124m"[39m[38;5;124m<iframe [39m[38;5;124m"[39m) [38;5;129;01mand[39;00m suffix[38;5;241m.[39mendswith([38;5;124m"[39m[38;5;124m</iframe>[39m[38;5;124m"[39m)

[0;31mTypeError[0m: 'IFrame' object is not subscriptable

