Traceback (most recent call last):
  File "/opt/homebrew/Caskroom/miniconda/base/envs/python311/lib/python3.11/site-packages/jupyter_cache/executors/utils.py", line 58, in single_nb_execution
    executenb(
  File "/opt/homebrew/Caskroom/miniconda/base/envs/python311/lib/python3.11/site-packages/nbclient/client.py", line 1204, in execute
    return NotebookClient(nb=nb, resources=resources, km=km, **kwargs).execute()
           ^^^^^^^^^^^^^^^^^^^^^^^^^^^^^^^^^^^^^^^^^^^^^^^^^^^^^^^^^^^^^^^^^^^^^
  File "/opt/homebrew/Caskroom/miniconda/base/envs/python311/lib/python3.11/site-packages/nbclient/util.py", line 84, in wrapped
    return just_run(coro(*args, **kwargs))
           ^^^^^^^^^^^^^^^^^^^^^^^^^^^^^^^
  File "/opt/homebrew/Caskroom/miniconda/base/envs/python311/lib/python3.11/site-packages/nbclient/util.py", line 62, in just_run
    return loop.run_until_complete(coro)
           ^^^^^^^^^^^^^^^^^^^^^^^^^^^^^
  File "/opt/homebrew/Caskroom/miniconda/base/envs/python311/lib/python3.11/asyncio/base_events.py", line 650, in run_until_complete
    return future.result()
           ^^^^^^^^^^^^^^^
  File "/opt/homebrew/Caskroom/miniconda/base/envs/python311/lib/python3.11/contextlib.py", line 222, in __aexit__
    await self.gen.athrow(typ, value, traceback)
  File "/opt/homebrew/Caskroom/miniconda/base/envs/python311/lib/python3.11/site-packages/nbclient/client.py", line 608, in async_setup_kernel
    yield
  File "/opt/homebrew/Caskroom/miniconda/base/envs/python311/lib/python3.11/site-packages/nbclient/client.py", line 663, in async_execute
    await self.async_execute_cell(
  File "/opt/homebrew/Caskroom/miniconda/base/envs/python311/lib/python3.11/site-packages/nbclient/client.py", line 965, in async_execute_cell
    await self._check_raise_for_error(cell, cell_index, exec_reply)
  File "/opt/homebrew/Caskroom/miniconda/base/envs/python311/lib/python3.11/site-packages/nbclient/client.py", line 862, in _check_raise_for_error
    raise CellExecutionError.from_cell_and_msg(cell, exec_reply_content)
nbclient.exceptions.CellExecutionError: An error occurred while executing the following cell:
------------------
auswahl = ['Jahr', 'Preis (Euro)', 'Leistung (kW)', 'Leistung (PS)', 'Verbrauch (l/100 km)', 'Verbrauch (g/km)', 'Kilometerstand (km)']
diagramm = px.scatter_matrix(daten, dimensions=auswahl)
diagramm.show()
------------------

[0;31m---------------------------------------------------------------------------[0m
[0;31mAttributeError[0m                            Traceback (most recent call last)
[0;32m/var/folders/hd/xdjzhymn4x393gh7v6ws4v880000gn/T/ipykernel_3107/3191546431.py[0m in [0;36m?[0;34m()[0m
[1;32m      1[0m [0mauswahl[0m [0;34m=[0m [0;34m[[0m[0;34m'Jahr'[0m[0;34m,[0m [0;34m'Preis (Euro)'[0m[0;34m,[0m [0;34m'Leistung (kW)'[0m[0;34m,[0m [0;34m'Leistung (PS)'[0m[0;34m,[0m [0;34m'Verbrauch (l/100 km)'[0m[0;34m,[0m [0;34m'Verbrauch (g/km)'[0m[0;34m,[0m [0;34m'Kilometerstand (km)'[0m[0;34m][0m[0;34m[0m[0;34m[0m[0m
[0;32m----> 2[0;31m [0mdiagramm[0m [0;34m=[0m [0mpx[0m[0;34m.[0m[0mscatter_matrix[0m[0;34m([0m[0mdaten[0m[0;34m,[0m [0mdimensions[0m[0;34m=[0m[0mauswahl[0m[0;34m)[0m[0;34m[0m[0;34m[0m[0m
[0m[1;32m      3[0m [0mdiagramm[0m[0;34m.[0m[0mshow[0m[0;34m([0m[0;34m)[0m[0;34m[0m[0;34m[0m[0m

[0;32m/opt/homebrew/Caskroom/miniconda/base/envs/python311/lib/python3.11/site-packages/plotly/express/_chart_types.py[0m in [0;36m?[0;34m(data_frame, dimensions, color, symbol, size, hover_name, hover_data, custom_data, category_orders, labels, color_discrete_sequence, color_discrete_map, color_continuous_scale, range_color, color_continuous_midpoint, symbol_sequence, symbol_map, opacity, size_max, title, template, width, height)[0m
[1;32m   1388[0m     [0mrepresented[0m [0mby[0m [0ma[0m [0mmultiple[0m [0msymbol[0m [0mmarks[0m[0;34m,[0m [0mone[0m [0;32min[0m [0meach[0m [0mcell[0m [0mof[0m [0ma[0m [0mgrid[0m [0mof[0m[0;34m[0m[0;34m[0m[0m
[1;32m   1389[0m     [0;36m2[0m[0mD[0m [0mscatter[0m [0mplots[0m[0;34m,[0m [0mwhich[0m [0mplot[0m [0meach[0m [0mpair[0m [0mof[0m[0;31m [0m[0;31m`[0m[0mdimensions[0m[0;31m`[0m [0magainst[0m [0meach[0m[0;34m[0m[0;34m[0m[0m
[1;32m   1390[0m     [0mother[0m[0;34m.[0m[0;34m[0m[0;34m[0m[0m
[1;32m   1391[0m     """
[0;32m-> 1392[0;31m     return make_figure(
[0m[1;32m   1393[0m         [0margs[0m[0;34m=[0m[0mlocals[0m[0;34m([0m[0;34m)[0m[0;34m,[0m [0mconstructor[0m[0;34m=[0m[0mgo[0m[0;34m.[0m[0mSplom[0m[0;34m,[0m [0mlayout_patch[0m[0;34m=[0m[0mdict[0m[0;34m([0m[0mdragmode[0m[0;34m=[0m[0;34m"select"[0m[0;34m)[0m[0;34m[0m[0;34m[0m[0m
[1;32m   1394[0m     )

[0;32m/opt/homebrew/Caskroom/miniconda/base/envs/python311/lib/python3.11/site-packages/plotly/express/_core.py[0m in [0;36m?[0;34m(args, constructor, trace_patch, layout_patch)[0m
[1;32m   2163[0m                     [0mgroup[0m[0;34m[[0m[0mvar[0m[0;34m][0m [0;34m=[0m [0mgroup[0m[0;34m[[0m[0mvar[0m[0;34m][0m [0;34m/[0m [0mgroup_sum[0m[0;34m[0m[0;34m[0m[0m
[1;32m   2164[0m                 [0;32melif[0m [0margs[0m[0;34m[[0m[0;34m"ecdfnorm"[0m[0;34m][0m [0;34m==[0m [0;34m"percent"[0m[0;34m:[0m[0;34m[0m[0;34m[0m[0m
[1;32m   2165[0m                     [0mgroup[0m[0;34m[[0m[0mvar[0m[0;34m][0m [0;34m=[0m [0;36m100.0[0m [0;34m*[0m [0mgroup[0m[0;34m[[0m[0mvar[0m[0;34m][0m [0;34m/[0m [0mgroup_sum[0m[0;34m[0m[0;34m[0m[0m
[1;32m   2166[0m [0;34m[0m[0m
[0;32m-> 2167[0;31m             patch, fit_results = make_trace_kwargs(
[0m[1;32m   2168[0m                 [0margs[0m[0;34m,[0m [0mtrace_spec[0m[0;34m,[0m [0mgroup[0m[0;34m,[0m [0mmapping_labels[0m[0;34m.[0m[0mcopy[0m[0;34m([0m[0;34m)[0m[0;34m,[0m [0msizeref[0m[0;34m[0m[0;34m[0m[0m
[1;32m   2169[0m             )
[1;32m   2170[0m             [0mtrace[0m[0;34m.[0m[0mupdate[0m[0;34m([0m[0mpatch[0m[0;34m)[0m[0;34m[0m[0;34m[0m[0m

[0;32m/opt/homebrew/Caskroom/miniconda/base/envs/python311/lib/python3.11/site-packages/plotly/express/_core.py[0m in [0;36m?[0;34m(args, trace_spec, trace_data, mapping_labels, sizeref)[0m
[1;32m    277[0m         [0mattr_label[0m [0;34m=[0m [0mget_decorated_label[0m[0;34m([0m[0margs[0m[0;34m,[0m [0mattr_value[0m[0;34m,[0m [0mattr_name[0m[0;34m)[0m[0;34m[0m[0;34m[0m[0m
[1;32m    278[0m         [0;32mif[0m [0mattr_name[0m [0;34m==[0m [0;34m"dimensions"[0m[0;34m:[0m[0;34m[0m[0;34m[0m[0m
[1;32m    279[0m             dims = [
[1;32m    280[0m                 [0;34m([0m[0mname[0m[0;34m,[0m [0mcolumn[0m[0;34m)[0m[0;34m[0m[0;34m[0m[0m
[0;32m--> 281[0;31m                 [0;32mfor[0m [0;34m([0m[0mname[0m[0;34m,[0m [0mcolumn[0m[0;34m)[0m [0;32min[0m [0mtrace_data[0m[0;34m.[0m[0miteritems[0m[0;34m([0m[0;34m)[0m[0;34m[0m[0;34m[0m[0m
[0m[1;32m    282[0m                 [0;32mif[0m [0;34m([0m[0;34m([0m[0;32mnot[0m [0mattr_value[0m[0;34m)[0m [0;32mor[0m [0;34m([0m[0mname[0m [0;32min[0m [0mattr_value[0m[0;34m)[0m[0;34m)[0m[0;34m[0m[0;34m[0m[0m
[1;32m    283[0m                 and (
[1;32m    284[0m                     [0mtrace_spec[0m[0;34m.[0m[0mconstructor[0m [0;34m!=[0m [0mgo[0m[0;34m.[0m[0mParcoords[0m[0;34m[0m[0;34m[0m[0m

[0;32m/opt/homebrew/Caskroom/miniconda/base/envs/python311/lib/python3.11/site-packages/pandas/core/generic.py[0m in [0;36m?[0;34m(self, name)[0m
[1;32m   6200[0m             [0;32mand[0m [0mname[0m [0;32mnot[0m [0;32min[0m [0mself[0m[0;34m.[0m[0m_accessors[0m[0;34m[0m[0;34m[0m[0m
[1;32m   6201[0m             [0;32mand[0m [0mself[0m[0;34m.[0m[0m_info_axis[0m[0;34m.[0m[0m_can_hold_identifiers_and_holds_name[0m[0;34m([0m[0mname[0m[0;34m)[0m[0;34m[0m[0;34m[0m[0m
[1;32m   6202[0m         ):
[1;32m   6203[0m             [0;32mreturn[0m [0mself[0m[0;34m[[0m[0mname[0m[0;34m][0m[0;34m[0m[0;34m[0m[0m
[0;32m-> 6204[0;31m         [0;32mreturn[0m [0mobject[0m[0;34m.[0m[0m__getattribute__[0m[0;34m([0m[0mself[0m[0;34m,[0m [0mname[0m[0;34m)[0m[0;34m[0m[0;34m[0m[0m
[0m
[0;31mAttributeError[0m: 'DataFrame' object has no attribute 'iteritems'
AttributeError: 'DataFrame' object has no attribute 'iteritems'

