Traceback (most recent call last):
  File "/opt/homebrew/Caskroom/miniconda/base/envs/python312/lib/python3.12/site-packages/jupyter_cache/executors/utils.py", line 58, in single_nb_execution
    executenb(
  File "/opt/homebrew/Caskroom/miniconda/base/envs/python312/lib/python3.12/site-packages/nbclient/client.py", line 1314, in execute
    return NotebookClient(nb=nb, resources=resources, km=km, **kwargs).execute()
           ^^^^^^^^^^^^^^^^^^^^^^^^^^^^^^^^^^^^^^^^^^^^^^^^^^^^^^^^^^^^^^^^^^^^^
  File "/opt/homebrew/Caskroom/miniconda/base/envs/python312/lib/python3.12/site-packages/jupyter_core/utils/__init__.py", line 165, in wrapped
    return loop.run_until_complete(inner)
           ^^^^^^^^^^^^^^^^^^^^^^^^^^^^^^
  File "/opt/homebrew/Caskroom/miniconda/base/envs/python312/lib/python3.12/asyncio/base_events.py", line 685, in run_until_complete
    return future.result()
           ^^^^^^^^^^^^^^^
  File "/opt/homebrew/Caskroom/miniconda/base/envs/python312/lib/python3.12/site-packages/nbclient/client.py", line 709, in async_execute
    await self.async_execute_cell(
  File "/opt/homebrew/Caskroom/miniconda/base/envs/python312/lib/python3.12/site-packages/nbclient/client.py", line 1062, in async_execute_cell
    await self._check_raise_for_error(cell, cell_index, exec_reply)
  File "/opt/homebrew/Caskroom/miniconda/base/envs/python312/lib/python3.12/site-packages/nbclient/client.py", line 918, in _check_raise_for_error
    raise CellExecutionError.from_cell_and_msg(cell, exec_reply_content)
nbclient.exceptions.CellExecutionError: An error occurred while executing the following cell:
------------------
mittelwert = daten_ohne_verbrauch['Leistung (PS)'].mean()
print(f'Der Mittelwert der vorhandenen Einträge »Leistung (PS)« ist: {mittelwert:.2f}')

daten_ohne_verbrauch['Leistung (PS)'] = daten_ohne_verbrauch['Leistung (PS)'].fillna(mittelwert)

# Kontrolle
daten_ohne_verbrauch.isnull().sum()
------------------


[0;31m---------------------------------------------------------------------------[0m
[0;31mTypeError[0m                                 Traceback (most recent call last)
Cell [0;32mIn[14], line 1[0m
[0;32m----> 1[0m mittelwert [38;5;241m=[39m [43mdaten_ohne_verbrauch[49m[43m[[49m[38;5;124;43m'[39;49m[38;5;124;43mLeistung (PS)[39;49m[38;5;124;43m'[39;49m[43m][49m[38;5;241;43m.[39;49m[43mmean[49m[43m([49m[43m)[49m
[1;32m      2[0m [38;5;28mprint[39m([38;5;124mf[39m[38;5;124m'[39m[38;5;124mDer Mittelwert der vorhandenen Einträge »Leistung (PS)« ist: [39m[38;5;132;01m{[39;00mmittelwert[38;5;132;01m:[39;00m[38;5;124m.2f[39m[38;5;132;01m}[39;00m[38;5;124m'[39m)
[1;32m      4[0m daten_ohne_verbrauch[[38;5;124m'[39m[38;5;124mLeistung (PS)[39m[38;5;124m'[39m] [38;5;241m=[39m daten_ohne_verbrauch[[38;5;124m'[39m[38;5;124mLeistung (PS)[39m[38;5;124m'[39m][38;5;241m.[39mfillna(mittelwert)

File [0;32m/opt/homebrew/Caskroom/miniconda/base/envs/python312/lib/python3.12/site-packages/pandas/core/series.py:6549[0m, in [0;36mSeries.mean[0;34m(self, axis, skipna, numeric_only, **kwargs)[0m
[1;32m   6541[0m [38;5;129m@doc[39m(make_doc([38;5;124m"[39m[38;5;124mmean[39m[38;5;124m"[39m, ndim[38;5;241m=[39m[38;5;241m1[39m))
[1;32m   6542[0m [38;5;28;01mdef[39;00m [38;5;21mmean[39m(
[1;32m   6543[0m     [38;5;28mself[39m,
[0;32m   (...)[0m
[1;32m   6547[0m     [38;5;241m*[39m[38;5;241m*[39mkwargs,
[1;32m   6548[0m ):
[0;32m-> 6549[0m     [38;5;28;01mreturn[39;00m [43mNDFrame[49m[38;5;241;43m.[39;49m[43mmean[49m[43m([49m[38;5;28;43mself[39;49m[43m,[49m[43m [49m[43maxis[49m[43m,[49m[43m [49m[43mskipna[49m[43m,[49m[43m [49m[43mnumeric_only[49m[43m,[49m[43m [49m[38;5;241;43m*[39;49m[38;5;241;43m*[39;49m[43mkwargs[49m[43m)[49m

File [0;32m/opt/homebrew/Caskroom/miniconda/base/envs/python312/lib/python3.12/site-packages/pandas/core/generic.py:12420[0m, in [0;36mNDFrame.mean[0;34m(self, axis, skipna, numeric_only, **kwargs)[0m
[1;32m  12413[0m [38;5;28;01mdef[39;00m [38;5;21mmean[39m(
[1;32m  12414[0m     [38;5;28mself[39m,
[1;32m  12415[0m     axis: Axis [38;5;241m|[39m [38;5;28;01mNone[39;00m [38;5;241m=[39m [38;5;241m0[39m,
[0;32m   (...)[0m
[1;32m  12418[0m     [38;5;241m*[39m[38;5;241m*[39mkwargs,
[1;32m  12419[0m ) [38;5;241m-[39m[38;5;241m>[39m Series [38;5;241m|[39m [38;5;28mfloat[39m:
[0;32m> 12420[0m     [38;5;28;01mreturn[39;00m [38;5;28;43mself[39;49m[38;5;241;43m.[39;49m[43m_stat_function[49m[43m([49m
[1;32m  12421[0m [43m        [49m[38;5;124;43m"[39;49m[38;5;124;43mmean[39;49m[38;5;124;43m"[39;49m[43m,[49m[43m [49m[43mnanops[49m[38;5;241;43m.[39;49m[43mnanmean[49m[43m,[49m[43m [49m[43maxis[49m[43m,[49m[43m [49m[43mskipna[49m[43m,[49m[43m [49m[43mnumeric_only[49m[43m,[49m[43m [49m[38;5;241;43m*[39;49m[38;5;241;43m*[39;49m[43mkwargs[49m
[1;32m  12422[0m [43m    [49m[43m)[49m

File [0;32m/opt/homebrew/Caskroom/miniconda/base/envs/python312/lib/python3.12/site-packages/pandas/core/generic.py:12377[0m, in [0;36mNDFrame._stat_function[0;34m(self, name, func, axis, skipna, numeric_only, **kwargs)[0m
[1;32m  12373[0m nv[38;5;241m.[39mvalidate_func(name, (), kwargs)
[1;32m  12375[0m validate_bool_kwarg(skipna, [38;5;124m"[39m[38;5;124mskipna[39m[38;5;124m"[39m, none_allowed[38;5;241m=[39m[38;5;28;01mFalse[39;00m)
[0;32m> 12377[0m [38;5;28;01mreturn[39;00m [38;5;28;43mself[39;49m[38;5;241;43m.[39;49m[43m_reduce[49m[43m([49m
[1;32m  12378[0m [43m    [49m[43mfunc[49m[43m,[49m[43m [49m[43mname[49m[38;5;241;43m=[39;49m[43mname[49m[43m,[49m[43m [49m[43maxis[49m[38;5;241;43m=[39;49m[43maxis[49m[43m,[49m[43m [49m[43mskipna[49m[38;5;241;43m=[39;49m[43mskipna[49m[43m,[49m[43m [49m[43mnumeric_only[49m[38;5;241;43m=[39;49m[43mnumeric_only[49m
[1;32m  12379[0m [43m[49m[43m)[49m

File [0;32m/opt/homebrew/Caskroom/miniconda/base/envs/python312/lib/python3.12/site-packages/pandas/core/series.py:6457[0m, in [0;36mSeries._reduce[0;34m(self, op, name, axis, skipna, numeric_only, filter_type, **kwds)[0m
[1;32m   6452[0m     [38;5;66;03m# GH#47500 - change to TypeError to match other methods[39;00m
[1;32m   6453[0m     [38;5;28;01mraise[39;00m [38;5;167;01mTypeError[39;00m(
[1;32m   6454[0m         [38;5;124mf[39m[38;5;124m"[39m[38;5;124mSeries.[39m[38;5;132;01m{[39;00mname[38;5;132;01m}[39;00m[38;5;124m does not allow [39m[38;5;132;01m{[39;00mkwd_name[38;5;132;01m}[39;00m[38;5;124m=[39m[38;5;132;01m{[39;00mnumeric_only[38;5;132;01m}[39;00m[38;5;124m [39m[38;5;124m"[39m
[1;32m   6455[0m         [38;5;124m"[39m[38;5;124mwith non-numeric dtypes.[39m[38;5;124m"[39m
[1;32m   6456[0m     )
[0;32m-> 6457[0m [38;5;28;01mreturn[39;00m [43mop[49m[43m([49m[43mdelegate[49m[43m,[49m[43m [49m[43mskipna[49m[38;5;241;43m=[39;49m[43mskipna[49m[43m,[49m[43m [49m[38;5;241;43m*[39;49m[38;5;241;43m*[39;49m[43mkwds[49m[43m)[49m

File [0;32m/opt/homebrew/Caskroom/miniconda/base/envs/python312/lib/python3.12/site-packages/pandas/core/nanops.py:147[0m, in [0;36mbottleneck_switch.__call__.<locals>.f[0;34m(values, axis, skipna, **kwds)[0m
[1;32m    145[0m         result [38;5;241m=[39m alt(values, axis[38;5;241m=[39maxis, skipna[38;5;241m=[39mskipna, [38;5;241m*[39m[38;5;241m*[39mkwds)
[1;32m    146[0m [38;5;28;01melse[39;00m:
[0;32m--> 147[0m     result [38;5;241m=[39m [43malt[49m[43m([49m[43mvalues[49m[43m,[49m[43m [49m[43maxis[49m[38;5;241;43m=[39;49m[43maxis[49m[43m,[49m[43m [49m[43mskipna[49m[38;5;241;43m=[39;49m[43mskipna[49m[43m,[49m[43m [49m[38;5;241;43m*[39;49m[38;5;241;43m*[39;49m[43mkwds[49m[43m)[49m
[1;32m    149[0m [38;5;28;01mreturn[39;00m result

File [0;32m/opt/homebrew/Caskroom/miniconda/base/envs/python312/lib/python3.12/site-packages/pandas/core/nanops.py:404[0m, in [0;36m_datetimelike_compat.<locals>.new_func[0;34m(values, axis, skipna, mask, **kwargs)[0m
[1;32m    401[0m [38;5;28;01mif[39;00m datetimelike [38;5;129;01mand[39;00m mask [38;5;129;01mis[39;00m [38;5;28;01mNone[39;00m:
[1;32m    402[0m     mask [38;5;241m=[39m isna(values)
[0;32m--> 404[0m result [38;5;241m=[39m [43mfunc[49m[43m([49m[43mvalues[49m[43m,[49m[43m [49m[43maxis[49m[38;5;241;43m=[39;49m[43maxis[49m[43m,[49m[43m [49m[43mskipna[49m[38;5;241;43m=[39;49m[43mskipna[49m[43m,[49m[43m [49m[43mmask[49m[38;5;241;43m=[39;49m[43mmask[49m[43m,[49m[43m [49m[38;5;241;43m*[39;49m[38;5;241;43m*[39;49m[43mkwargs[49m[43m)[49m
[1;32m    406[0m [38;5;28;01mif[39;00m datetimelike:
[1;32m    407[0m     result [38;5;241m=[39m _wrap_results(result, orig_values[38;5;241m.[39mdtype, fill_value[38;5;241m=[39miNaT)

File [0;32m/opt/homebrew/Caskroom/miniconda/base/envs/python312/lib/python3.12/site-packages/pandas/core/nanops.py:719[0m, in [0;36mnanmean[0;34m(values, axis, skipna, mask)[0m
[1;32m    716[0m     dtype_count [38;5;241m=[39m dtype
[1;32m    718[0m count [38;5;241m=[39m _get_counts(values[38;5;241m.[39mshape, mask, axis, dtype[38;5;241m=[39mdtype_count)
[0;32m--> 719[0m the_sum [38;5;241m=[39m [43mvalues[49m[38;5;241;43m.[39;49m[43msum[49m[43m([49m[43maxis[49m[43m,[49m[43m [49m[43mdtype[49m[38;5;241;43m=[39;49m[43mdtype_sum[49m[43m)[49m
[1;32m    720[0m the_sum [38;5;241m=[39m _ensure_numeric(the_sum)
[1;32m    722[0m [38;5;28;01mif[39;00m axis [38;5;129;01mis[39;00m [38;5;129;01mnot[39;00m [38;5;28;01mNone[39;00m [38;5;129;01mand[39;00m [38;5;28mgetattr[39m(the_sum, [38;5;124m"[39m[38;5;124mndim[39m[38;5;124m"[39m, [38;5;28;01mFalse[39;00m):

File [0;32m/opt/homebrew/Caskroom/miniconda/base/envs/python312/lib/python3.12/site-packages/numpy/core/_methods.py:49[0m, in [0;36m_sum[0;34m(a, axis, dtype, out, keepdims, initial, where)[0m
[1;32m     47[0m [38;5;28;01mdef[39;00m [38;5;21m_sum[39m(a, axis[38;5;241m=[39m[38;5;28;01mNone[39;00m, dtype[38;5;241m=[39m[38;5;28;01mNone[39;00m, out[38;5;241m=[39m[38;5;28;01mNone[39;00m, keepdims[38;5;241m=[39m[38;5;28;01mFalse[39;00m,
[1;32m     48[0m          initial[38;5;241m=[39m_NoValue, where[38;5;241m=[39m[38;5;28;01mTrue[39;00m):
[0;32m---> 49[0m     [38;5;28;01mreturn[39;00m [43mumr_sum[49m[43m([49m[43ma[49m[43m,[49m[43m [49m[43maxis[49m[43m,[49m[43m [49m[43mdtype[49m[43m,[49m[43m [49m[43mout[49m[43m,[49m[43m [49m[43mkeepdims[49m[43m,[49m[43m [49m[43minitial[49m[43m,[49m[43m [49m[43mwhere[49m[43m)[49m

[0;31mTypeError[0m: can only concatenate str (not "int") to str

