Traceback (most recent call last):
  File "/opt/homebrew/Caskroom/miniconda/base/envs/python312/lib/python3.12/site-packages/jupyter_cache/executors/utils.py", line 58, in single_nb_execution
    executenb(
  File "/opt/homebrew/Caskroom/miniconda/base/envs/python312/lib/python3.12/site-packages/nbclient/client.py", line 1314, in execute
    return NotebookClient(nb=nb, resources=resources, km=km, **kwargs).execute()
           ^^^^^^^^^^^^^^^^^^^^^^^^^^^^^^^^^^^^^^^^^^^^^^^^^^^^^^^^^^^^^^^^^^^^^
  File "/opt/homebrew/Caskroom/miniconda/base/envs/python312/lib/python3.12/site-packages/jupyter_core/utils/__init__.py", line 165, in wrapped
    return loop.run_until_complete(inner)
           ^^^^^^^^^^^^^^^^^^^^^^^^^^^^^^
  File "/opt/homebrew/Caskroom/miniconda/base/envs/python312/lib/python3.12/asyncio/base_events.py", line 685, in run_until_complete
    return future.result()
           ^^^^^^^^^^^^^^^
  File "/opt/homebrew/Caskroom/miniconda/base/envs/python312/lib/python3.12/site-packages/nbclient/client.py", line 709, in async_execute
    await self.async_execute_cell(
  File "/opt/homebrew/Caskroom/miniconda/base/envs/python312/lib/python3.12/site-packages/nbclient/client.py", line 1062, in async_execute_cell
    await self._check_raise_for_error(cell, cell_index, exec_reply)
  File "/opt/homebrew/Caskroom/miniconda/base/envs/python312/lib/python3.12/site-packages/nbclient/client.py", line 918, in _check_raise_for_error
    raise CellExecutionError.from_cell_and_msg(cell, exec_reply_content)
nbclient.exceptions.CellExecutionError: An error occurred while executing the following cell:
------------------
# Wahl des Modells mit linearem Kern und großem C
svm_modell = svm.SVC(kernel='linear', C=1000000)

# Training und Bewertung
score = svm_modell.fit(X_train, y_train);
print(f'Score auf den Testdaten: {score:.2f}')

# Visualisierung
fig, ax = plt.subplots()
ax.scatter(X[:,0], X[:,1], c=y, cmap='coolwarm')
ax.set_xlabel('Feature 1')
ax.set_ylabel('Feature 2')
ax.set_title('SVM mit Hard Margin');
plot_svc_grenze(svm_modell)
------------------


[0;31m---------------------------------------------------------------------------[0m
[0;31mTypeError[0m                                 Traceback (most recent call last)
Cell [0;32mIn[9], line 6[0m
[1;32m      4[0m [38;5;66;03m# Training und Bewertung[39;00m
[1;32m      5[0m score [38;5;241m=[39m svm_modell[38;5;241m.[39mfit(X_train, y_train);
[0;32m----> 6[0m [38;5;28mprint[39m([38;5;124mf[39m[38;5;124m'[39m[38;5;124mScore auf den Testdaten: [39m[38;5;132;43;01m{[39;49;00m[43mscore[49m[38;5;132;43;01m:[39;49;00m[38;5;124;43m.2f[39;49m[38;5;132;43;01m}[39;49;00m[38;5;124m'[39m)
[1;32m      8[0m [38;5;66;03m# Visualisierung[39;00m
[1;32m      9[0m fig, ax [38;5;241m=[39m plt[38;5;241m.[39msubplots()

[0;31mTypeError[0m: unsupported format string passed to SVC.__format__

