Traceback (most recent call last):
  File "/opt/homebrew/Caskroom/miniconda/base/envs/python312/lib/python3.12/site-packages/jupyter_cache/executors/utils.py", line 58, in single_nb_execution
    executenb(
  File "/opt/homebrew/Caskroom/miniconda/base/envs/python312/lib/python3.12/site-packages/nbclient/client.py", line 1314, in execute
    return NotebookClient(nb=nb, resources=resources, km=km, **kwargs).execute()
           ^^^^^^^^^^^^^^^^^^^^^^^^^^^^^^^^^^^^^^^^^^^^^^^^^^^^^^^^^^^^^^^^^^^^^
  File "/opt/homebrew/Caskroom/miniconda/base/envs/python312/lib/python3.12/site-packages/jupyter_core/utils/__init__.py", line 165, in wrapped
    return loop.run_until_complete(inner)
           ^^^^^^^^^^^^^^^^^^^^^^^^^^^^^^
  File "/opt/homebrew/Caskroom/miniconda/base/envs/python312/lib/python3.12/asyncio/base_events.py", line 685, in run_until_complete
    return future.result()
           ^^^^^^^^^^^^^^^
  File "/opt/homebrew/Caskroom/miniconda/base/envs/python312/lib/python3.12/site-packages/nbclient/client.py", line 709, in async_execute
    await self.async_execute_cell(
  File "/opt/homebrew/Caskroom/miniconda/base/envs/python312/lib/python3.12/site-packages/nbclient/client.py", line 1062, in async_execute_cell
    await self._check_raise_for_error(cell, cell_index, exec_reply)
  File "/opt/homebrew/Caskroom/miniconda/base/envs/python312/lib/python3.12/site-packages/nbclient/client.py", line 918, in _check_raise_for_error
    raise CellExecutionError.from_cell_and_msg(cell, exec_reply_content)
nbclient.exceptions.CellExecutionError: An error occurred while executing the following cell:
------------------
# Quelle: VanderPlas "Data Science mit Python", S. 482
# modified by Simone Gramsch
import numpy as np
import matplotlib.pylab as plt
import matplotlib.pylab as plt; plt.style.use('bmh')

def plot_svc_grenze(model):
    # aktuelles Grafik-Fenster auswerten
    ax = plt.gca()
    xlim = ax.get_xlim()
    ylim = ax.get_ylim()
    # Raster für die Auswertung erstellen
    x = np.linspace(xlim[0], xlim[1], 30)
    y = np.linspace(ylim[0], ylim[1], 30)
    Y, X = np.meshgrid(y, x)
    xy = np.vstack([X.ravel(), Y.ravel()]).T
    P = model.decision_function(xy).reshape(X.shape)
    # Entscheidungsgrenzen und Margins darstellen
    ax.contour(X, Y, P, colors='k', levels=[-1, 0, 1], alpha=0.5, linestyles=['--', '-', '--'])
    # Stützvektoren darstellen
    ax.scatter(model.support_vectors_[:, 0], model.support_vectors_[:, 1], s=300, linewidth=1, facecolors='none', edgecolors='orange');
    ax.set_xlim(xlim)
    ax.set_ylim(ylim)
------------------


[0;31m---------------------------------------------------------------------------[0m
[0;31mModuleNotFoundError[0m                       Traceback (most recent call last)
Cell [0;32mIn[5], line 4[0m
[1;32m      1[0m [38;5;66;03m# Quelle: VanderPlas "Data Science mit Python", S. 482[39;00m
[1;32m      2[0m [38;5;66;03m# modified by Simone Gramsch[39;00m
[1;32m      3[0m [38;5;28;01mimport[39;00m [38;5;21;01mnumpy[39;00m [38;5;28;01mas[39;00m [38;5;21;01mnp[39;00m
[0;32m----> 4[0m [38;5;28;01mimport[39;00m [38;5;21;01mmatplotlib[39;00m[38;5;21;01m.[39;00m[38;5;21;01mpylab[39;00m [38;5;28;01mas[39;00m [38;5;21;01mplt[39;00m
[1;32m      5[0m [38;5;28;01mimport[39;00m [38;5;21;01mmatplotlib[39;00m[38;5;21;01m.[39;00m[38;5;21;01mpylab[39;00m [38;5;28;01mas[39;00m [38;5;21;01mplt[39;00m; plt[38;5;241m.[39mstyle[38;5;241m.[39muse([38;5;124m'[39m[38;5;124mbmh[39m[38;5;124m'[39m)
[1;32m      7[0m [38;5;28;01mdef[39;00m [38;5;21mplot_svc_grenze[39m(model):
[1;32m      8[0m     [38;5;66;03m# aktuelles Grafik-Fenster auswerten[39;00m

[0;31mModuleNotFoundError[0m: No module named 'matplotlib'

